2022-01-08 07:17:40,075 - scanner - INFO - ========================================================================
2022-01-08 07:17:40,075 - scanner - INFO - Script called
2022-01-08 07:17:40,075 - scanner - INFO - with argument [ 0436D707-7660-444E-84E4-3F7F89675B6007/23/1954CANDLERJAMES ]
2022-01-08 07:17:40,075 - scanner.engine - INFO - "System Health Check" passed
2022-01-08 07:17:40,085 - scanner.script - INFO - Configuration loaded
2022-01-08 07:17:40,085 - scanner.script - INFO - Chrome Driver loaded
2022-01-08 07:17:41,442 - scanner.script - INFO - Target Response OK
2022-01-08 07:18:25,057 - scanner.script - INFO - self.driver.quit()
2022-01-08 07:18:25,066 - scanner.script - INFO - Exit from Script
2022-01-08 07:18:25,066 - scanner.script - INFO - ...................................................................
2022-01-08 07:37:03,276 - scanner - INFO - ========================================================================
2022-01-08 07:37:03,276 - scanner - INFO - Script called
2022-01-08 07:37:03,276 - scanner - INFO - with argument [ 0436D707-7660-444E-84E4-3F7F89675B6007/23/1954CANDLERJAMES ]
2022-01-08 07:37:03,276 - scanner.engine - INFO - "System Health Check" passed
2022-01-08 07:37:03,276 - scanner.script - INFO - Configuration loaded
2022-01-08 07:37:03,276 - scanner.script - INFO - Chrome Driver loaded
2022-01-08 07:37:04,248 - scanner.script - INFO - Target Response OK
2022-01-08 07:37:39,730 - scanner.script - INFO - self.driver.quit()
2022-01-08 07:37:39,730 - scanner.script - INFO - Exit from Script
2022-01-08 07:37:39,730 - scanner.script - INFO - ...................................................................
2022-01-08 07:41:39,978 - scanner - INFO - ========================================================================
2022-01-08 07:41:55,077 - scanner - INFO - Script called
2022-01-08 07:43:54,564 - scanner - INFO - ========================================================================
2022-01-08 07:43:59,610 - scanner - INFO - Script called
2022-01-08 07:44:20,811 - scanner - INFO - with argument [ 0436D707-7660-444E-84E4-3F7F89675B6007/09/1979RODRIGUEZROBERTO ]
2022-01-08 07:44:32,099 - scanner - INFO - with argument [ 0436D707-7660-444E-84E4-3F7F89675B6007/09/1979RODRIGUEZROBERTO ]
2022-01-08 07:44:41,551 - scanner.engine - INFO - "System Health Check" passed
2022-01-08 07:45:47,664 - scanner.script - INFO - Configuration loaded
2022-01-08 07:51:47,493 - scanner.script - INFO - Chrome Driver loaded
2022-01-08 07:53:59,838 - scanner - INFO - ========================================================================
2022-01-08 07:54:04,359 - scanner - INFO - Script called
2022-01-08 07:54:27,962 - scanner - INFO - with argument [ 0436D707-7660-444E-84E4-3F7F89675B6007/09/1979RODRIGUEZROBERTO ]
2022-01-08 07:54:35,833 - scanner.engine - INFO - "System Health Check" passed
2022-01-08 07:54:35,833 - scanner.script - INFO - Configuration loaded
2022-01-08 07:54:35,833 - scanner.script - INFO - Chrome Driver loaded
2022-01-08 07:54:36,802 - scanner.script - INFO - Target Response OK
2022-01-08 07:55:12,248 - scanner.script - INFO - self.driver.quit()
2022-01-08 07:55:12,269 - scanner.script - INFO - Exit from Script
2022-01-08 07:55:12,269 - scanner.script - INFO - ...................................................................
2022-01-08 07:57:03,296 - scanner - INFO - ========================================================================
2022-01-08 07:57:03,296 - scanner - INFO - Script called
2022-01-08 07:57:03,296 - scanner - INFO - with argument [ 0436D707-7660-444E-84E4-3F7F89675B6007/23/1954CANDLERJAMES ]
2022-01-08 07:57:03,296 - scanner.engine - INFO - "System Health Check" passed
2022-01-08 07:57:03,296 - scanner.script - INFO - Configuration loaded
2022-01-08 07:57:03,296 - scanner.script - INFO - Chrome Driver loaded
2022-01-08 07:57:04,326 - scanner.script - INFO - Target Response OK
2022-01-08 07:57:39,688 - scanner.script - INFO - self.driver.quit()
2022-01-08 07:57:39,688 - scanner.script - INFO - Exit from Script
2022-01-08 07:57:39,688 - scanner.script - INFO - ...................................................................
2022-01-08 07:57:42,338 - scanner - INFO - ========================================================================
2022-01-08 07:57:42,338 - scanner - INFO - Script called
2022-01-08 07:57:42,338 - scanner - INFO - with argument [ 0436D707-7660-444E-84E4-3F7F89675B6007/23/1954CANDLERJAMES ]
2022-01-08 07:57:42,338 - scanner.engine - INFO - "System Health Check" passed
2022-01-08 07:57:42,338 - scanner.script - INFO - Configuration loaded
2022-01-08 07:57:42,338 - scanner.script - INFO - Chrome Driver loaded
2022-01-08 07:57:43,494 - scanner.script - INFO - Target Response OK
2022-01-08 07:58:20,622 - scanner - INFO - ========================================================================
2022-01-08 07:58:20,622 - scanner - INFO - Script called
2022-01-08 07:58:20,622 - scanner - INFO - with argument [ 0436D707-7660-444E-84E4-3F7F89675B6007/23/1954CANDLERJAMES ]
2022-01-08 07:58:20,622 - scanner.engine - INFO - "System Health Check" passed
2022-01-08 07:58:20,622 - scanner.script - INFO - Configuration loaded
2022-01-08 07:58:20,622 - scanner.script - INFO - Chrome Driver loaded
2022-01-08 07:58:21,569 - scanner.script - INFO - Target Response OK
2022-01-08 07:58:56,897 - scanner - INFO - ========================================================================
2022-01-08 07:58:56,897 - scanner - INFO - Script called
2022-01-08 07:58:56,897 - scanner - INFO - with argument [ 0436D707-7660-444E-84E4-3F7F89675B6007/23/1954CANDLERJAMES ]
2022-01-08 07:58:56,897 - scanner.engine - INFO - "System Health Check" passed
2022-01-08 07:58:56,897 - scanner.script - INFO - Configuration loaded
2022-01-08 07:58:56,897 - scanner.script - INFO - Chrome Driver loaded
2022-01-08 07:58:57,948 - scanner.script - INFO - Target Response OK
2022-01-08 07:59:33,521 - scanner.script - INFO - self.driver.quit()
2022-01-08 07:59:33,521 - scanner.script - INFO - Exit from Script
2022-01-08 07:59:33,521 - scanner.script - INFO - ...................................................................
2022-01-08 07:59:42,148 - scanner - INFO - ========================================================================
2022-01-08 07:59:42,148 - scanner - INFO - Script called
2022-01-08 07:59:42,148 - scanner - INFO - with argument [ 0436D707-7660-444E-84E4-3F7F89675B6007/23/1954CANDLERJAMES ]
2022-01-08 07:59:42,148 - scanner.engine - INFO - "System Health Check" passed
2022-01-08 07:59:42,148 - scanner.script - INFO - Configuration loaded
2022-01-08 07:59:42,148 - scanner.script - INFO - Chrome Driver loaded
2022-01-08 07:59:43,210 - scanner.script - INFO - Target Response OK
2022-01-08 08:00:25,713 - scanner.script - INFO - self.driver.quit()
2022-01-08 08:00:25,713 - scanner.script - INFO - Exit from Script
2022-01-08 08:00:25,713 - scanner.script - INFO - ...................................................................
2022-01-08 08:04:51,588 - scanner - INFO - ========================================================================
2022-01-08 08:04:51,588 - scanner - INFO - Script called
2022-01-08 08:04:51,588 - scanner - INFO - with argument [ 0436D707-7660-444E-84E4-3F7F89675B6007/23/1954CANDLERJAMES ]
2022-01-08 08:04:51,588 - scanner.engine - INFO - "System Health Check" passed
2022-01-08 08:04:51,588 - scanner.script - INFO - Configuration loaded
2022-01-08 08:04:51,588 - scanner.script - INFO - Chrome Driver loaded
2022-01-08 08:04:52,568 - scanner.script - INFO - Target Response OK
2022-01-08 08:05:25,015 - scanner.script - INFO - self.driver.quit()
2022-01-08 08:09:11,554 - scanner - INFO - ========================================================================
2022-01-08 08:09:11,554 - scanner - INFO - Script called
2022-01-08 08:09:11,554 - scanner - INFO - with argument [ 0436D707-7660-444E-84E4-3F7F89675B6007/23/1954CANDLERJAMES ]
2022-01-08 08:09:11,554 - scanner.engine - INFO - "System Health Check" passed
2022-01-08 08:09:11,554 - scanner.script - INFO - Configuration loaded
2022-01-08 08:09:11,554 - scanner.script - INFO - Chrome Driver loaded
2022-01-08 08:10:13,722 - scanner - INFO - ========================================================================
2022-01-08 08:10:13,722 - scanner - INFO - Script called
2022-01-08 08:10:13,722 - scanner - INFO - with argument [ 0436D707-7660-444E-84E4-3F7F89675B6007/23/1954CANDLERJAMES ]
2022-01-08 08:10:13,722 - scanner.engine - INFO - "System Health Check" passed
2022-01-08 08:10:13,722 - scanner.script - INFO - Configuration loaded
2022-01-08 08:10:13,722 - scanner.script - INFO - Chrome Driver loaded
2022-01-08 08:10:14,688 - scanner.script - INFO - Target Response OK
2022-01-08 08:10:46,998 - scanner.script - INFO - self.driver.quit()
2022-01-08 08:12:53,870 - scanner - INFO - ========================================================================
2022-01-08 08:12:53,870 - scanner - INFO - Script called
2022-01-08 08:12:53,870 - scanner - INFO - with argument [ 0436D707-7660-444E-84E4-3F7F89675B6007/23/1954CANDLERJAMES ]
2022-01-08 08:12:53,870 - scanner.engine - INFO - "System Health Check" passed
2022-01-08 08:12:53,870 - scanner.script - INFO - Configuration loaded
2022-01-08 08:12:53,870 - scanner.script - INFO - Chrome Driver loaded
2022-01-08 08:12:54,866 - scanner.script - INFO - Target Response OK
2022-01-08 08:13:27,132 - scanner.script - INFO - self.driver.quit()
2022-01-08 08:14:06,186 - scanner - INFO - ========================================================================
2022-01-08 08:14:06,186 - scanner - INFO - Script called
2022-01-08 08:14:06,186 - scanner - INFO - with argument [ 0436D707-7660-444E-84E4-3F7F89675B6007/23/1954CANDLERJAMES ]
2022-01-08 08:14:06,186 - scanner.engine - INFO - "System Health Check" passed
2022-01-08 08:14:06,186 - scanner.script - INFO - Configuration loaded
2022-01-08 08:14:06,186 - scanner.script - INFO - Chrome Driver loaded
2022-01-08 08:14:07,166 - scanner.script - INFO - Target Response OK
2022-01-08 08:14:39,497 - scanner.script - INFO - self.driver.quit()
2022-01-08 08:16:54,903 - scanner - INFO - ========================================================================
2022-01-08 08:16:54,903 - scanner - INFO - Script called
2022-01-08 08:16:54,903 - scanner - INFO - with argument [ 0436D707-7660-444E-84E4-3F7F89675B6007/23/1954CANDLERJAMES ]
2022-01-08 08:16:54,913 - scanner.engine - INFO - "System Health Check" passed
2022-01-08 08:16:54,913 - scanner.script - INFO - Configuration loaded
2022-01-08 08:16:54,913 - scanner.script - INFO - Chrome Driver loaded
2022-01-08 08:16:55,923 - scanner.script - INFO - Target Response OK
2022-01-08 08:17:39,372 - scanner.script - INFO - self.driver.quit()
2022-01-08 08:19:23,903 - scanner - INFO - ========================================================================
2022-01-08 08:19:23,903 - scanner - INFO - Script called
2022-01-08 08:19:23,903 - scanner - INFO - with argument [ 0436D707-7660-444E-84E4-3F7F89675B6007/23/1954CANDLERJAMES ]
2022-01-08 08:19:23,903 - scanner.engine - INFO - "System Health Check" passed
2022-01-08 08:19:23,903 - scanner.script - INFO - Configuration loaded
2022-01-08 08:19:23,903 - scanner.script - INFO - Chrome Driver loaded
2022-01-08 08:19:24,925 - scanner.script - INFO - Target Response OK
2022-01-08 08:20:07,798 - scanner.script - INFO - self.driver.quit()
2022-01-08 08:20:07,808 - scanner.script - INFO - Exit from Script
2022-01-08 08:20:07,808 - scanner.script - INFO - ...................................................................
2022-01-08 08:20:29,361 - scanner - INFO - ========================================================================
2022-01-08 08:20:39,314 - scanner - INFO - Script called
2022-01-08 08:20:45,339 - scanner - INFO - with argument [ 0436D707-7660-444E-84E4-3F7F89675B6007/09/1979RODRIGUEZROBERTO ]
2022-01-08 08:21:32,849 - scanner.engine - INFO - "System Health Check" passed
2022-01-08 08:21:32,849 - scanner.script - INFO - Configuration loaded
2022-01-08 08:21:32,849 - scanner.script - INFO - Chrome Driver loaded
2022-01-08 08:21:33,818 - scanner.script - INFO - Target Response OK
2022-01-08 08:22:10,699 - scanner.script - INFO - self.driver.quit()
2022-01-08 08:22:10,719 - scanner.script - INFO - Exit from Script
2022-01-08 08:22:10,719 - scanner.script - INFO - ...................................................................
2022-01-08 08:25:38,679 - scanner - INFO - ========================================================================
2022-01-08 08:25:38,679 - scanner - INFO - Script called
2022-01-08 08:25:38,679 - scanner - INFO - with argument [ 0436D707-7660-444E-84E4-3F7F89675B6007/23/1954CANDLERJAMES ]
2022-01-08 08:25:38,679 - scanner.engine - INFO - "System Health Check" passed
2022-01-08 08:25:38,679 - scanner.script - INFO - Configuration loaded
2022-01-08 08:25:38,679 - scanner.script - INFO - Chrome Driver loaded
2022-01-08 08:25:40,886 - scanner.script - INFO - Target Response OK
2022-01-08 08:26:24,439 - scanner.script - INFO - self.driver.quit()
2022-01-08 08:26:24,439 - scanner.script - INFO - Exit from Script
2022-01-08 08:26:24,439 - scanner.script - INFO - ...................................................................
2022-01-08 08:27:53,336 - scanner - INFO - ========================================================================
2022-01-08 08:27:53,336 - scanner - INFO - Script called
2022-01-08 08:27:53,336 - scanner - INFO - with argument [ 0436D707-7660-444E-84E4-3F7F89675B6007/23/1954CANDLERJAMES ]
2022-01-08 08:27:53,336 - scanner.engine - INFO - "System Health Check" passed
2022-01-08 08:27:53,336 - scanner.script - INFO - Configuration loaded
2022-01-08 08:27:53,336 - scanner.script - INFO - Chrome Driver loaded
2022-01-08 08:27:54,326 - scanner.script - INFO - Target Response OK
2022-01-08 08:28:40,584 - scanner.script - INFO - self.driver.quit()
2022-01-08 08:28:40,584 - scanner.script - INFO - Exit from Script
2022-01-08 08:28:40,584 - scanner.script - INFO - ...................................................................
