2022-01-03 04:21:05,903 - scanner - INFO - ========================================================================
2022-01-03 04:21:05,903 - scanner - INFO - Script called
2022-01-03 04:21:05,904 - scanner - INFO - with argument [  ]
2022-01-03 04:21:05,904 - scanner.engine - INFO - "System Health Check" passed
2022-01-03 04:35:19,554 - scanner - INFO - ========================================================================
2022-01-03 04:35:19,554 - scanner - INFO - Script called
2022-01-03 04:35:19,554 - scanner - INFO - with argument [ 0436D707-7660-444E-84E4-3F7F89675B6007/09/1979RODRIGUEZROBERTO ]
2022-01-03 04:35:19,554 - scanner.engine - INFO - "System Health Check" passed
2022-01-03 04:35:19,554 - scanner.script - INFO - Configuration loaded
2022-01-03 04:36:58,185 - scanner - INFO - ========================================================================
2022-01-03 04:36:58,185 - scanner - INFO - Script called
2022-01-03 04:36:58,185 - scanner - INFO - with argument [ 0436D707-7660-444E-84E4-3F7F89675B6007/09/1979RODRIGUEZROBERTO ]
2022-01-03 04:36:58,185 - scanner.engine - INFO - "System Health Check" passed
2022-01-03 04:36:58,185 - scanner.script - INFO - Configuration loaded
2022-01-03 04:38:01,172 - scanner - INFO - ========================================================================
2022-01-03 04:38:01,172 - scanner - INFO - Script called
2022-01-03 04:38:01,172 - scanner - INFO - with argument [ 0436D707-7660-444E-84E4-3F7F89675B6007/09/1979RODRIGUEZROBERTO ]
2022-01-03 04:38:01,172 - scanner.engine - INFO - "System Health Check" passed
2022-01-03 04:38:01,172 - scanner.script - INFO - Configuration loaded
2022-01-03 04:38:48,274 - scanner - INFO - ========================================================================
2022-01-03 04:38:48,274 - scanner - INFO - Script called
2022-01-03 04:38:48,274 - scanner - INFO - with argument [ 0436D707-7660-444E-84E4-3F7F89675B6007/09/1979RODRIGUEZROBERTO ]
2022-01-03 04:38:48,274 - scanner.engine - INFO - "System Health Check" passed
2022-01-03 04:38:48,274 - scanner.script - INFO - Configuration loaded
2022-01-03 04:39:27,934 - scanner - INFO - ========================================================================
2022-01-03 04:39:27,934 - scanner - INFO - Script called
2022-01-03 04:39:27,934 - scanner - INFO - with argument [ 0436D707-7660-444E-84E4-3F7F89675B6007/09/1979RODRIGUEZROBERTO ]
2022-01-03 04:39:27,934 - scanner.engine - INFO - "System Health Check" passed
2022-01-03 04:39:27,934 - scanner.script - INFO - Configuration loaded
2022-01-03 04:39:48,963 - scanner - INFO - ========================================================================
2022-01-03 04:39:48,963 - scanner - INFO - Script called
2022-01-03 04:39:48,963 - scanner - INFO - with argument [ 0436D707-7660-444E-84E4-3F7F89675B6007/09/1979RODRIGUEZROBERTO ]
2022-01-03 04:39:48,963 - scanner.engine - INFO - "System Health Check" passed
2022-01-03 04:39:48,963 - scanner.script - INFO - Configuration loaded
2022-01-03 04:41:10,094 - scanner - INFO - ========================================================================
2022-01-03 04:41:13,921 - scanner - INFO - Script called
2022-01-03 04:41:18,089 - scanner - INFO - with argument [  ]
2022-01-03 04:41:18,679 - scanner.engine - INFO - "System Health Check" passed
2022-01-03 04:41:35,237 - scanner - INFO - ========================================================================
2022-01-03 04:41:35,237 - scanner - INFO - Script called
2022-01-03 04:41:35,237 - scanner - INFO - with argument [  ]
2022-01-03 04:41:35,237 - scanner.engine - INFO - "System Health Check" passed
2022-01-03 04:43:26,856 - scanner - INFO - ========================================================================
2022-01-03 04:43:27,356 - scanner - INFO - Script called
2022-01-03 04:43:29,320 - scanner - INFO - with argument [ 0436D707-7660-444E-84E4-3F7F89675B6007/09/1979RODRIGUEZROBERTO ]
2022-01-03 04:43:29,860 - scanner.engine - INFO - "System Health Check" passed
2022-01-03 04:43:29,860 - scanner.script - INFO - Configuration loaded
2022-01-03 04:45:25,671 - scanner - INFO - ========================================================================
2022-01-03 04:45:25,671 - scanner - INFO - Script called
2022-01-03 04:45:25,671 - scanner - INFO - with argument [ 0436D707-7660-444E-84E4-3F7F89675B6007/09/1979RODRIGUEZROBERTO ]
2022-01-03 04:45:25,671 - scanner.engine - INFO - "System Health Check" passed
2022-01-03 04:45:25,671 - scanner.script - INFO - Configuration loaded
2022-01-03 04:47:19,807 - scanner - INFO - ========================================================================
2022-01-03 04:47:19,807 - scanner - INFO - Script called
2022-01-03 04:47:19,807 - scanner - INFO - with argument [ 0436D707-7660-444E-84E4-3F7F89675B6007/09/1979RODRIGUEZROBERTO ]
2022-01-03 04:47:19,807 - scanner.engine - INFO - "System Health Check" passed
2022-01-03 04:47:19,807 - scanner.script - INFO - Configuration loaded
2022-01-03 04:48:28,215 - scanner - INFO - ========================================================================
2022-01-03 04:48:28,215 - scanner - INFO - Script called
2022-01-03 04:48:28,215 - scanner - INFO - with argument [ 0436D707-7660-444E-84E4-3F7F89675B6007/09/1979RODRIGUEZROBERTO ]
2022-01-03 04:48:28,215 - scanner.engine - INFO - "System Health Check" passed
2022-01-03 04:48:28,215 - scanner.script - INFO - Configuration loaded
2022-01-03 04:48:53,973 - scanner - INFO - ========================================================================
2022-01-03 04:48:53,973 - scanner - INFO - Script called
2022-01-03 04:48:53,973 - scanner - INFO - with argument [ 0436D707-7660-444E-84E4-3F7F89675B6007/09/1979RODRIGUEZROBERTO ]
2022-01-03 04:49:26,288 - scanner.engine - INFO - "System Health Check" passed
2022-01-03 04:49:26,288 - scanner.script - INFO - Configuration loaded
2022-01-03 04:51:34,308 - scanner - INFO - ========================================================================
2022-01-03 04:54:40,986 - scanner - INFO - Script called
2022-01-03 04:55:15,131 - scanner - INFO - with argument [ 0436D707-7660-444E-84E4-3F7F89675B6007/09/1979RODRIGUEZROBERTO ]
2022-01-03 04:55:22,156 - scanner.engine - INFO - "System Health Check" passed
2022-01-03 04:55:51,829 - scanner.script - INFO - Configuration loaded
2022-01-03 04:56:57,071 - scanner - INFO - ========================================================================
2022-01-03 04:57:01,094 - scanner - INFO - Script called
2022-01-03 04:57:01,094 - scanner - INFO - with argument [ 0436D707-7660-444E-84E4-3F7F89675B6007/09/1979RODRIGUEZROBERTO ]
2022-01-03 04:57:04,690 - scanner.engine - INFO - "System Health Check" passed
2022-01-03 04:57:04,690 - scanner.script - INFO - Configuration loaded
2022-01-03 04:57:15,562 - scanner - INFO - ========================================================================
2022-01-03 04:57:15,562 - scanner - INFO - Script called
2022-01-03 04:57:15,562 - scanner - INFO - with argument [ 0436D707-7660-444E-84E4-3F7F89675B6007/09/1979RODRIGUEZROBERTO ]
2022-01-03 04:57:15,562 - scanner.engine - INFO - "System Health Check" passed
2022-01-03 04:57:15,562 - scanner.script - INFO - Configuration loaded
2022-01-03 04:59:54,220 - scanner - INFO - ========================================================================
2022-01-03 04:59:56,504 - scanner - INFO - Script called
2022-01-03 04:59:56,504 - scanner - INFO - with argument [ 0436D707-7660-444E-84E4-3F7F89675B6007/09/1979RODRIGUEZROBERTO ]
2022-01-03 04:59:57,888 - scanner.engine - INFO - "System Health Check" passed
2022-01-03 05:01:27,453 - scanner.script - INFO - Configuration loaded
2022-01-03 05:02:41,008 - scanner - INFO - ========================================================================
2022-01-03 05:02:42,468 - scanner - INFO - Script called
2022-01-03 05:02:42,468 - scanner - INFO - with argument [ 0436D707-7660-444E-84E4-3F7F89675B6007/09/1979RODRIGUEZROBERTO ]
2022-01-03 05:02:43,457 - scanner.engine - INFO - "System Health Check" passed
2022-01-03 05:07:19,323 - scanner - INFO - ========================================================================
2022-01-03 05:07:19,323 - scanner - INFO - Script called
2022-01-03 05:07:19,323 - scanner - INFO - with argument [ 0436D707-7660-444E-84E4-3F7F89675B6007/09/1979RODRIGUEZROBERTO ]
2022-01-03 05:07:19,323 - scanner.engine - INFO - "System Health Check" passed
2022-01-03 05:07:19,323 - scanner.script - INFO - Configuration loaded
2022-01-03 05:08:44,986 - scanner - INFO - ========================================================================
2022-01-03 05:08:48,978 - scanner - INFO - Script called
2022-01-03 05:08:48,978 - scanner - INFO - with argument [ 0436D707-7660-444E-84E4-3F7F89675B6007/09/1979RODRIGUEZROBERTO ]
2022-01-03 05:08:52,086 - scanner.engine - INFO - "System Health Check" passed
2022-01-03 05:14:57,048 - scanner - INFO - ========================================================================
2022-01-03 05:14:57,048 - scanner - INFO - Script called
2022-01-03 05:14:57,048 - scanner - INFO - with argument [ 0436D707-7660-444E-84E4-3F7F89675B6007/09/1979RODRIGUEZROBERTO ]
2022-01-03 05:14:57,048 - scanner.engine - INFO - "System Health Check" passed
2022-01-03 05:14:57,048 - scanner.script - INFO - Configuration loaded
2022-01-03 05:14:57,048 - scanner.script - INFO - Chrome Driver loaded
2022-01-03 05:14:58,677 - scanner.script - INFO - Target Response OK
2022-01-03 05:15:37,208 - scanner.script - INFO - self.driver.quit()
2022-01-03 05:15:37,218 - scanner.script - INFO - Exit from Script
2022-01-03 05:15:37,218 - scanner.script - INFO - ...................................................................
2022-01-03 05:19:20,941 - scanner - INFO - ========================================================================
2022-01-03 05:19:20,941 - scanner - INFO - Script called
2022-01-03 05:19:20,941 - scanner - INFO - with argument [ 0436D707-7660-444E-84E4-3F7F89675B6007/09/1979RODRIGUEZROBERTO ]
2022-01-03 05:19:20,941 - scanner.engine - INFO - "System Health Check" passed
2022-01-03 05:19:20,941 - scanner.script - INFO - Configuration loaded
2022-01-03 05:19:20,941 - scanner.script - INFO - Chrome Driver loaded
2022-01-03 05:19:22,590 - scanner.script - INFO - Target Response OK
2022-01-03 05:20:00,453 - scanner.script - INFO - self.driver.quit()
2022-01-03 05:20:00,463 - scanner.script - INFO - Exit from Script
2022-01-03 05:20:00,463 - scanner.script - INFO - ...................................................................
2022-01-03 05:22:36,211 - scanner - INFO - ========================================================================
2022-01-03 05:22:36,211 - scanner - INFO - Script called
2022-01-03 05:22:36,211 - scanner - INFO - with argument [  ]
2022-01-03 05:22:36,211 - scanner.engine - INFO - "System Health Check" passed
2022-01-03 05:35:10,557 - scanner - INFO - ========================================================================
2022-01-03 05:35:10,557 - scanner - INFO - Script called
2022-01-03 05:35:10,557 - scanner - INFO - with argument [ 0436D707-7660-444E-84E4-3F7F89675B6007/09/1979RODRIGUEZROBERTO ]
2022-01-03 05:35:10,557 - scanner.engine - INFO - "System Health Check" passed
2022-01-03 05:35:10,557 - scanner.script - INFO - Configuration loaded
2022-01-03 05:35:10,557 - scanner.script - INFO - Chrome Driver loaded
2022-01-03 05:35:11,861 - scanner.script - INFO - Target Response OK
2022-01-03 05:35:51,147 - scanner.script - INFO - self.driver.quit()
2022-01-03 05:35:51,156 - scanner.script - INFO - Exit from Script
2022-01-03 05:35:51,156 - scanner.script - INFO - ...................................................................
2022-01-03 08:10:05,528 - scanner - INFO - ========================================================================
2022-01-03 08:10:05,528 - scanner - INFO - Script called
2022-01-03 08:10:05,528 - scanner - INFO - with argument [ 0436D707-7660-444E-84E4-3F7F89675B6007/09/1979RODRIGUEZROBERTO ]
2022-01-03 08:10:05,528 - scanner.engine - INFO - "System Health Check" passed
2022-01-03 08:10:05,528 - scanner.script - INFO - Configuration loaded
2022-01-03 08:10:05,528 - scanner.script - INFO - Chrome Driver loaded
2022-01-03 08:10:05,528 - scanner.script - ERROR - Connection Error occured
